2016-01-27 16:06:09,949 [Worker-2] INFO  o.e.m.c.i.e.AbstractTransferListenerAdapter - Downloaded https://axinartifactory.central.inditex.grp/artifactory/logistica-public/org/apache/maven/plugins/maven-clean-plugin/2.5/maven-clean-plugin-2.5.jar
2016-01-27 16:06:31,049 [Worker-2] INFO  o.e.m.c.i.e.AbstractTransferListenerAdapter - Downloaded https://axinartifactory.central.inditex.grp/artifactory/comercial-libs-release-local/org/apache/maven/plugins/maven-clean-plugin/2.5/maven-clean-plugin-2.5.jar
2016-01-27 16:06:31,563 [Worker-2] INFO  o.e.m.c.i.e.AbstractTransferListenerAdapter - Downloaded https://axinartifactory.central.inditex.grp/artifactory/logistica-public/org/apache/maven/plugins/maven-resources-plugin/2.6/maven-resources-plugin-2.6.jar
2016-01-27 16:06:31,751 [Worker-2] INFO  o.e.m.c.i.e.AbstractTransferListenerAdapter - Downloaded https://axinartifactory.central.inditex.grp/artifactory/comercial-libs-release-local/org/apache/maven/plugins/maven-resources-plugin/2.6/maven-resources-plugin-2.6.jar
2016-01-27 16:06:31,967 [Worker-2] INFO  o.e.m.c.i.e.AbstractTransferListenerAdapter - Downloaded https://axinartifactory.central.inditex.grp/artifactory/logistica-public/org/apache/maven/plugins/maven-compiler-plugin/2.5.1/maven-compiler-plugin-2.5.1.jar
2016-01-27 16:06:32,134 [Worker-2] INFO  o.e.m.c.i.e.AbstractTransferListenerAdapter - Downloaded https://axinartifactory.central.inditex.grp/artifactory/comercial-libs-release-local/org/apache/maven/plugins/maven-compiler-plugin/2.5.1/maven-compiler-plugin-2.5.1.jar
2016-01-27 16:06:32,359 [Worker-2] INFO  o.e.m.c.i.e.AbstractTransferListenerAdapter - Downloaded https://axinartifactory.central.inditex.grp/artifactory/logistica-public/org/apache/maven/plugins/maven-surefire-plugin/2.12.4/maven-surefire-plugin-2.12.4.jar
2016-01-27 16:06:32,530 [Worker-2] INFO  o.e.m.c.i.e.AbstractTransferListenerAdapter - Downloaded https://axinartifactory.central.inditex.grp/artifactory/comercial-libs-release-local/org/apache/maven/plugins/maven-surefire-plugin/2.12.4/maven-surefire-plugin-2.12.4.jar
2016-01-27 16:06:32,734 [Worker-2] INFO  o.e.m.c.i.e.AbstractTransferListenerAdapter - Downloaded https://axinartifactory.central.inditex.grp/artifactory/logistica-public/org/apache/maven/plugins/maven-jar-plugin/2.4/maven-jar-plugin-2.4.jar
2016-01-27 16:06:32,904 [Worker-2] INFO  o.e.m.c.i.e.AbstractTransferListenerAdapter - Downloaded https://axinartifactory.central.inditex.grp/artifactory/comercial-libs-release-local/org/apache/maven/plugins/maven-jar-plugin/2.4/maven-jar-plugin-2.4.jar
2016-01-27 16:06:33,114 [Worker-2] INFO  o.e.m.c.i.e.AbstractTransferListenerAdapter - Downloaded https://axinartifactory.central.inditex.grp/artifactory/logistica-public/org/apache/maven/plugins/maven-install-plugin/2.4/maven-install-plugin-2.4.jar
2016-01-27 16:06:33,293 [Worker-2] INFO  o.e.m.c.i.e.AbstractTransferListenerAdapter - Downloaded https://axinartifactory.central.inditex.grp/artifactory/comercial-libs-release-local/org/apache/maven/plugins/maven-install-plugin/2.4/maven-install-plugin-2.4.jar
2016-01-27 16:06:33,639 [Worker-2] INFO  o.e.m.c.i.e.AbstractTransferListenerAdapter - Downloaded https://axinartifactory.central.inditex.grp/artifactory/logistica-public/org/apache/maven/plugins/maven-site-plugin/3.3/maven-site-plugin-3.3.jar
2016-01-27 16:06:33,779 [Worker-2] INFO  o.e.m.c.i.e.AbstractTransferListenerAdapter - Downloaded https://axinartifactory.central.inditex.grp/artifactory/comercial-libs-release-local/org/apache/maven/plugins/maven-site-plugin/3.3/maven-site-plugin-3.3.jar
2016-01-27 16:06:34,035 [Worker-2] INFO  o.e.m.c.i.e.AbstractTransferListenerAdapter - Downloaded https://axinartifactory.central.inditex.grp/artifactory/logistica-public/org/apache/maven/plugins/maven-compiler-plugin/2.5.1/maven-compiler-plugin-2.5.1.pom
2016-01-27 16:06:34,178 [Worker-2] INFO  o.e.m.c.i.e.AbstractTransferListenerAdapter - Downloaded https://axinartifactory.central.inditex.grp/artifactory/comercial-libs-release-local/org/apache/maven/plugins/maven-compiler-plugin/2.5.1/maven-compiler-plugin-2.5.1.pom
2016-01-27 16:06:34,248 [Worker-2] INFO  o.e.m.c.i.l.LifecycleMappingFactory - Using org.eclipse.m2e.jdt.JarLifecycleMapping lifecycle mapping for MavenProject: com.irodgal:NFLScores:0.0.1-SNAPSHOT @ C:\Users\ivan.rodriguez\workspaces\git\NFLScores\NFLScores\pom.xml.
2016-01-27 16:06:34,434 [Worker-2] INFO  o.e.m.c.i.e.AbstractTransferListenerAdapter - Downloaded https://axinartifactory.central.inditex.grp/artifactory/logistica-public/junit/junit/4.12/junit-4.12.pom
2016-01-27 16:06:34,580 [Worker-2] INFO  o.e.m.c.i.e.AbstractTransferListenerAdapter - Downloaded https://axinartifactory.central.inditex.grp/artifactory/comercial-libs-release-local/junit/junit/4.12/junit-4.12.pom
2016-01-27 16:06:34,734 [Worker-2] INFO  o.e.m.c.i.e.AbstractTransferListenerAdapter - Downloaded https://axinartifactory.central.inditex.grp/artifactory/logistica-public/org/apache/httpcomponents/httpclient/4.5/httpclient-4.5.pom
2016-01-27 16:06:34,878 [Worker-2] INFO  o.e.m.c.i.e.AbstractTransferListenerAdapter - Downloaded https://axinartifactory.central.inditex.grp/artifactory/comercial-libs-release-local/org/apache/httpcomponents/httpclient/4.5/httpclient-4.5.pom
2016-01-27 16:06:35,220 [Worker-2] INFO  o.e.m.c.i.e.AbstractTransferListenerAdapter - Downloaded https://axinartifactory.central.inditex.grp/artifactory/logistica-public/org/apache/maven/plugins/maven-resources-plugin/2.6/maven-resources-plugin-2.6.pom
2016-01-27 16:06:35,363 [Worker-2] INFO  o.e.m.c.i.e.AbstractTransferListenerAdapter - Downloaded https://axinartifactory.central.inditex.grp/artifactory/comercial-libs-release-local/org/apache/maven/plugins/maven-resources-plugin/2.6/maven-resources-plugin-2.6.pom
2016-01-27 16:06:35,385 [Worker-9] INFO  o.e.m.c.i.p.ProjectConfigurationManager - Update started
2016-01-27 16:06:35,561 [Worker-9] INFO  o.e.m.c.i.e.AbstractTransferListenerAdapter - Downloaded https://axinartifactory.central.inditex.grp/artifactory/logistica-public/org/apache/maven/plugins/maven-clean-plugin/2.5/maven-clean-plugin-2.5.jar
2016-01-27 16:06:35,735 [Worker-9] INFO  o.e.m.c.i.e.AbstractTransferListenerAdapter - Downloaded https://axinartifactory.central.inditex.grp/artifactory/comercial-libs-release-local/org/apache/maven/plugins/maven-clean-plugin/2.5/maven-clean-plugin-2.5.jar
2016-01-27 16:06:35,879 [Worker-9] INFO  o.e.m.c.i.e.AbstractTransferListenerAdapter - Downloaded https://axinartifactory.central.inditex.grp/artifactory/logistica-public/org/apache/maven/plugins/maven-resources-plugin/2.6/maven-resources-plugin-2.6.jar
2016-01-27 16:06:36,024 [Worker-9] INFO  o.e.m.c.i.e.AbstractTransferListenerAdapter - Downloaded https://axinartifactory.central.inditex.grp/artifactory/comercial-libs-release-local/org/apache/maven/plugins/maven-resources-plugin/2.6/maven-resources-plugin-2.6.jar
2016-01-27 16:06:36,174 [Worker-9] INFO  o.e.m.c.i.e.AbstractTransferListenerAdapter - Downloaded https://axinartifactory.central.inditex.grp/artifactory/logistica-public/org/apache/maven/plugins/maven-compiler-plugin/2.5.1/maven-compiler-plugin-2.5.1.jar
2016-01-27 16:06:36,325 [Worker-9] INFO  o.e.m.c.i.e.AbstractTransferListenerAdapter - Downloaded https://axinartifactory.central.inditex.grp/artifactory/comercial-libs-release-local/org/apache/maven/plugins/maven-compiler-plugin/2.5.1/maven-compiler-plugin-2.5.1.jar
2016-01-27 16:06:36,480 [Worker-9] INFO  o.e.m.c.i.e.AbstractTransferListenerAdapter - Downloaded https://axinartifactory.central.inditex.grp/artifactory/logistica-public/org/apache/maven/plugins/maven-surefire-plugin/2.12.4/maven-surefire-plugin-2.12.4.jar
2016-01-27 16:06:36,666 [Worker-9] INFO  o.e.m.c.i.e.AbstractTransferListenerAdapter - Downloaded https://axinartifactory.central.inditex.grp/artifactory/comercial-libs-release-local/org/apache/maven/plugins/maven-surefire-plugin/2.12.4/maven-surefire-plugin-2.12.4.jar
2016-01-27 16:06:36,853 [Worker-9] INFO  o.e.m.c.i.e.AbstractTransferListenerAdapter - Downloaded https://axinartifactory.central.inditex.grp/artifactory/logistica-public/org/apache/maven/plugins/maven-jar-plugin/2.4/maven-jar-plugin-2.4.jar
2016-01-27 16:06:37,089 [Worker-9] INFO  o.e.m.c.i.e.AbstractTransferListenerAdapter - Downloaded https://axinartifactory.central.inditex.grp/artifactory/comercial-libs-release-local/org/apache/maven/plugins/maven-jar-plugin/2.4/maven-jar-plugin-2.4.jar
2016-01-27 16:06:37,261 [Worker-9] INFO  o.e.m.c.i.e.AbstractTransferListenerAdapter - Downloaded https://axinartifactory.central.inditex.grp/artifactory/logistica-public/org/apache/maven/plugins/maven-install-plugin/2.4/maven-install-plugin-2.4.jar
2016-01-27 16:06:37,414 [Worker-9] INFO  o.e.m.c.i.e.AbstractTransferListenerAdapter - Downloaded https://axinartifactory.central.inditex.grp/artifactory/comercial-libs-release-local/org/apache/maven/plugins/maven-install-plugin/2.4/maven-install-plugin-2.4.jar
2016-01-27 16:06:37,567 [Worker-9] INFO  o.e.m.c.i.e.AbstractTransferListenerAdapter - Downloaded https://axinartifactory.central.inditex.grp/artifactory/logistica-public/org/apache/maven/plugins/maven-site-plugin/3.3/maven-site-plugin-3.3.jar
2016-01-27 16:06:37,710 [Worker-9] INFO  o.e.m.c.i.e.AbstractTransferListenerAdapter - Downloaded https://axinartifactory.central.inditex.grp/artifactory/comercial-libs-release-local/org/apache/maven/plugins/maven-site-plugin/3.3/maven-site-plugin-3.3.jar
2016-01-27 16:06:37,868 [Worker-9] INFO  o.e.m.c.i.e.AbstractTransferListenerAdapter - Downloaded https://axinartifactory.central.inditex.grp/artifactory/logistica-public/org/apache/maven/plugins/maven-compiler-plugin/2.5.1/maven-compiler-plugin-2.5.1.pom
2016-01-27 16:06:38,011 [Worker-9] INFO  o.e.m.c.i.e.AbstractTransferListenerAdapter - Downloaded https://axinartifactory.central.inditex.grp/artifactory/comercial-libs-release-local/org/apache/maven/plugins/maven-compiler-plugin/2.5.1/maven-compiler-plugin-2.5.1.pom
2016-01-27 16:06:38,016 [Worker-9] INFO  o.e.m.c.i.l.LifecycleMappingFactory - Using org.eclipse.m2e.jdt.JarLifecycleMapping lifecycle mapping for MavenProject: com.irodgal:NFLScores:0.0.1-SNAPSHOT @ C:\Users\ivan.rodriguez\workspaces\git\NFLScores\NFLScores\pom.xml.
2016-01-27 16:06:38,237 [Worker-9] INFO  o.e.m.c.i.e.AbstractTransferListenerAdapter - Downloaded https://axinartifactory.central.inditex.grp/artifactory/logistica-public/junit/junit/4.12/junit-4.12.pom
2016-01-27 16:06:38,376 [Worker-9] INFO  o.e.m.c.i.e.AbstractTransferListenerAdapter - Downloaded https://axinartifactory.central.inditex.grp/artifactory/comercial-libs-release-local/junit/junit/4.12/junit-4.12.pom
2016-01-27 16:06:38,515 [Worker-9] INFO  o.e.m.c.i.e.AbstractTransferListenerAdapter - Downloaded https://axinartifactory.central.inditex.grp/artifactory/logistica-public/org/apache/httpcomponents/httpclient/4.5/httpclient-4.5.pom
2016-01-27 16:06:38,651 [Worker-9] INFO  o.e.m.c.i.e.AbstractTransferListenerAdapter - Downloaded https://axinartifactory.central.inditex.grp/artifactory/comercial-libs-release-local/org/apache/httpcomponents/httpclient/4.5/httpclient-4.5.pom
2016-01-27 16:06:38,897 [Worker-9] INFO  o.e.m.c.i.e.AbstractTransferListenerAdapter - Downloaded https://axinartifactory.central.inditex.grp/artifactory/logistica-public/org/apache/maven/plugins/maven-resources-plugin/2.6/maven-resources-plugin-2.6.pom
2016-01-27 16:06:39,042 [Worker-9] INFO  o.e.m.c.i.e.AbstractTransferListenerAdapter - Downloaded https://axinartifactory.central.inditex.grp/artifactory/comercial-libs-release-local/org/apache/maven/plugins/maven-resources-plugin/2.6/maven-resources-plugin-2.6.pom
2016-01-27 16:06:39,044 [Worker-9] INFO  o.e.m.c.i.p.ProjectConfigurationManager - Update completed: 3 sec
2016-01-27 16:06:39,622 [Worker-4] INFO  o.e.m.c.i.l.LifecycleMappingFactory - Using org.eclipse.m2e.jdt.JarLifecycleMapping lifecycle mapping for MavenProject: com.irodgal:NFLScores:0.0.1-SNAPSHOT @ C:\Users\ivan.rodriguez\workspaces\git\NFLScores\NFLScores\pom.xml.
2016-01-27 16:06:57,253 [Worker-4] INFO  o.e.m.c.i.p.ProjectConfigurationManager - Update started
2016-01-27 16:06:57,820 [Worker-4] INFO  o.e.m.c.i.e.AbstractTransferListenerAdapter - Downloaded https://axinartifactory.central.inditex.grp/artifactory/logistica-public/org/apache/maven/plugins/maven-clean-plugin/2.5/maven-clean-plugin-2.5.jar
2016-01-27 16:06:57,960 [Worker-4] INFO  o.e.m.c.i.e.AbstractTransferListenerAdapter - Downloaded https://axinartifactory.central.inditex.grp/artifactory/comercial-libs-release-local/org/apache/maven/plugins/maven-clean-plugin/2.5/maven-clean-plugin-2.5.jar
2016-01-27 16:06:58,103 [Worker-4] INFO  o.e.m.c.i.e.AbstractTransferListenerAdapter - Downloaded https://axinartifactory.central.inditex.grp/artifactory/logistica-public/org/apache/maven/plugins/maven-resources-plugin/2.6/maven-resources-plugin-2.6.jar
2016-01-27 16:06:58,251 [Worker-4] INFO  o.e.m.c.i.e.AbstractTransferListenerAdapter - Downloaded https://axinartifactory.central.inditex.grp/artifactory/comercial-libs-release-local/org/apache/maven/plugins/maven-resources-plugin/2.6/maven-resources-plugin-2.6.jar
2016-01-27 16:06:58,395 [Worker-4] INFO  o.e.m.c.i.e.AbstractTransferListenerAdapter - Downloaded https://axinartifactory.central.inditex.grp/artifactory/logistica-public/org/apache/maven/plugins/maven-compiler-plugin/2.5.1/maven-compiler-plugin-2.5.1.jar
2016-01-27 16:06:58,538 [Worker-4] INFO  o.e.m.c.i.e.AbstractTransferListenerAdapter - Downloaded https://axinartifactory.central.inditex.grp/artifactory/comercial-libs-release-local/org/apache/maven/plugins/maven-compiler-plugin/2.5.1/maven-compiler-plugin-2.5.1.jar
2016-01-27 16:06:58,683 [Worker-4] INFO  o.e.m.c.i.e.AbstractTransferListenerAdapter - Downloaded https://axinartifactory.central.inditex.grp/artifactory/logistica-public/org/apache/maven/plugins/maven-surefire-plugin/2.12.4/maven-surefire-plugin-2.12.4.jar
2016-01-27 16:06:58,827 [Worker-4] INFO  o.e.m.c.i.e.AbstractTransferListenerAdapter - Downloaded https://axinartifactory.central.inditex.grp/artifactory/comercial-libs-release-local/org/apache/maven/plugins/maven-surefire-plugin/2.12.4/maven-surefire-plugin-2.12.4.jar
2016-01-27 16:06:58,999 [Worker-4] INFO  o.e.m.c.i.e.AbstractTransferListenerAdapter - Downloaded https://axinartifactory.central.inditex.grp/artifactory/logistica-public/org/apache/maven/plugins/maven-jar-plugin/2.4/maven-jar-plugin-2.4.jar
2016-01-27 16:06:59,163 [Worker-4] INFO  o.e.m.c.i.e.AbstractTransferListenerAdapter - Downloaded https://axinartifactory.central.inditex.grp/artifactory/comercial-libs-release-local/org/apache/maven/plugins/maven-jar-plugin/2.4/maven-jar-plugin-2.4.jar
2016-01-27 16:06:59,297 [Worker-4] INFO  o.e.m.c.i.e.AbstractTransferListenerAdapter - Downloaded https://axinartifactory.central.inditex.grp/artifactory/logistica-public/org/apache/maven/plugins/maven-install-plugin/2.4/maven-install-plugin-2.4.jar
2016-01-27 16:06:59,457 [Worker-4] INFO  o.e.m.c.i.e.AbstractTransferListenerAdapter - Downloaded https://axinartifactory.central.inditex.grp/artifactory/comercial-libs-release-local/org/apache/maven/plugins/maven-install-plugin/2.4/maven-install-plugin-2.4.jar
2016-01-27 16:06:59,611 [Worker-4] INFO  o.e.m.c.i.e.AbstractTransferListenerAdapter - Downloaded https://axinartifactory.central.inditex.grp/artifactory/logistica-public/org/apache/maven/plugins/maven-site-plugin/3.3/maven-site-plugin-3.3.jar
2016-01-27 16:06:59,770 [Worker-4] INFO  o.e.m.c.i.e.AbstractTransferListenerAdapter - Downloaded https://axinartifactory.central.inditex.grp/artifactory/comercial-libs-release-local/org/apache/maven/plugins/maven-site-plugin/3.3/maven-site-plugin-3.3.jar
2016-01-27 16:06:59,954 [Worker-4] INFO  o.e.m.c.i.e.AbstractTransferListenerAdapter - Downloaded https://axinartifactory.central.inditex.grp/artifactory/logistica-public/org/apache/maven/plugins/maven-compiler-plugin/2.5.1/maven-compiler-plugin-2.5.1.pom
2016-01-27 16:07:00,164 [Worker-4] INFO  o.e.m.c.i.e.AbstractTransferListenerAdapter - Downloaded https://axinartifactory.central.inditex.grp/artifactory/comercial-libs-release-local/org/apache/maven/plugins/maven-compiler-plugin/2.5.1/maven-compiler-plugin-2.5.1.pom
2016-01-27 16:07:00,169 [Worker-4] INFO  o.e.m.c.i.l.LifecycleMappingFactory - Using org.eclipse.m2e.jdt.JarLifecycleMapping lifecycle mapping for MavenProject: com.irodgal:NFLScores:0.0.1-SNAPSHOT @ C:\Users\ivan.rodriguez\workspaces\git\NFLScores\NFLScores\pom.xml.
2016-01-27 16:07:00,345 [Worker-4] INFO  o.e.m.c.i.e.AbstractTransferListenerAdapter - Downloaded https://axinartifactory.central.inditex.grp/artifactory/logistica-public/junit/junit/4.12/junit-4.12.pom
2016-01-27 16:07:00,516 [Worker-4] INFO  o.e.m.c.i.e.AbstractTransferListenerAdapter - Downloaded https://axinartifactory.central.inditex.grp/artifactory/comercial-libs-release-local/junit/junit/4.12/junit-4.12.pom
2016-01-27 16:07:00,738 [Worker-4] INFO  o.e.m.c.i.e.AbstractTransferListenerAdapter - Downloaded https://axinartifactory.central.inditex.grp/artifactory/logistica-public/org/apache/httpcomponents/httpclient/4.5/httpclient-4.5.pom
2016-01-27 16:07:00,953 [Worker-4] INFO  o.e.m.c.i.e.AbstractTransferListenerAdapter - Downloaded https://axinartifactory.central.inditex.grp/artifactory/comercial-libs-release-local/org/apache/httpcomponents/httpclient/4.5/httpclient-4.5.pom
2016-01-27 16:07:01,158 [Worker-4] INFO  o.e.m.c.i.e.AbstractTransferListenerAdapter - Downloaded https://axinartifactory.central.inditex.grp/artifactory/logistica-public/org/apache/maven/plugins/maven-resources-plugin/2.6/maven-resources-plugin-2.6.pom
2016-01-27 16:07:01,324 [Worker-4] INFO  o.e.m.c.i.e.AbstractTransferListenerAdapter - Downloaded https://axinartifactory.central.inditex.grp/artifactory/comercial-libs-release-local/org/apache/maven/plugins/maven-resources-plugin/2.6/maven-resources-plugin-2.6.pom
2016-01-27 16:07:01,325 [Worker-4] INFO  o.e.m.c.i.p.ProjectConfigurationManager - Update completed: 4 sec
2016-01-27 16:08:30,813 [Worker-2] INFO  o.e.m.c.i.l.LifecycleMappingFactory - Using org.eclipse.m2e.jdt.JarLifecycleMapping lifecycle mapping for MavenProject: com.irodgal:NFLScores:0.0.1-SNAPSHOT @ C:\Users\ivan.rodriguez\workspaces\git\NFLScores\NFLScores\pom.xml.
2016-01-27 16:08:32,047 [Worker-9] INFO  o.e.m.c.i.l.LifecycleMappingFactory - Using org.eclipse.m2e.jdt.JarLifecycleMapping lifecycle mapping for MavenProject: com.irodgal:NFLScores:0.0.1-SNAPSHOT @ C:\Users\ivan.rodriguez\workspaces\git\NFLScores\NFLScores\pom.xml.
2016-01-27 16:11:03,055 [Worker-5] INFO  o.e.m.c.i.l.LifecycleMappingFactory - Using org.eclipse.m2e.jdt.JarLifecycleMapping lifecycle mapping for MavenProject: com.irodgal:NFLScores:0.0.1-SNAPSHOT @ C:\Users\ivan.rodriguez\workspaces\git\NFLScores\NFLScores\pom.xml.
2016-01-27 16:11:03,655 [Worker-10] INFO  o.e.m.c.i.l.LifecycleMappingFactory - Using org.eclipse.m2e.jdt.JarLifecycleMapping lifecycle mapping for MavenProject: com.irodgal:NFLScores:0.0.1-SNAPSHOT @ C:\Users\ivan.rodriguez\workspaces\git\NFLScores\NFLScores\pom.xml.
